2024-06-18 00:23:56 [restartedMain] INFO  c.u.s.SecureWebApplication - Starting SecureWebApplication using Java 22.0.1 with PID 11651 (/Users/kristian/Documents/IT och Informationssäkerhet/secure-web-app 2/target/classes started by kristian in /Users/kristian/Documents/IT och Informationssäkerhet/secure-web-app 2)
2024-06-18 00:23:56 [restartedMain] DEBUG c.u.s.SecureWebApplication - Running with Spring Boot v3.3.0, Spring v6.1.8
2024-06-18 00:23:56 [restartedMain] INFO  c.u.s.SecureWebApplication - No active profile set, falling back to 1 default profile: "default"
2024-06-18 00:23:58 [restartedMain] INFO  c.u.s.SecureWebApplication - Started SecureWebApplication in 2.146 seconds (process running for 2.734)
2024-06-18 00:24:29 [http-nio-8080-exec-6] INFO  c.u.securewebapplication.UserService - New user registered successfully: kristian
2024-06-18 00:29:03 [restartedMain] INFO  c.u.s.SecureWebApplication - Starting SecureWebApplication using Java 22.0.1 with PID 11758 (/Users/kristian/Documents/IT och Informationssäkerhet/secure-web-app 2/target/classes started by kristian in /Users/kristian/Documents/IT och Informationssäkerhet/secure-web-app 2)
2024-06-18 00:29:03 [restartedMain] DEBUG c.u.s.SecureWebApplication - Running with Spring Boot v3.3.0, Spring v6.1.8
2024-06-18 00:29:03 [restartedMain] INFO  c.u.s.SecureWebApplication - No active profile set, falling back to 1 default profile: "default"
2024-06-18 00:29:05 [restartedMain] INFO  c.u.s.SecureWebApplication - Started SecureWebApplication in 2.285 seconds (process running for 2.906)
2024-06-18 00:29:36 [http-nio-8080-exec-8] DEBUG c.u.securewebapplication.UserService - Password before encoding: 123123123
2024-06-18 00:29:36 [http-nio-8080-exec-8] DEBUG c.u.securewebapplication.UserService - Password after encoding: $2a$10$mCgrFp.8zRtIIlgKo5m0KOr7fqIzoPBzCaawlKb0TE3jqQdFQLzCq
2024-06-18 00:29:37 [http-nio-8080-exec-8] INFO  c.u.securewebapplication.UserService - New user registered successfully: krille
2024-06-18 00:32:20 [restartedMain] INFO  c.u.s.SecureWebApplication - Starting SecureWebApplication using Java 22.0.1 with PID 11800 (/Users/kristian/Documents/IT och Informationssäkerhet/secure-web-app 2/target/classes started by kristian in /Users/kristian/Documents/IT och Informationssäkerhet/secure-web-app 2)
2024-06-18 00:32:20 [restartedMain] DEBUG c.u.s.SecureWebApplication - Running with Spring Boot v3.3.0, Spring v6.1.8
2024-06-18 00:32:20 [restartedMain] INFO  c.u.s.SecureWebApplication - No active profile set, falling back to 1 default profile: "default"
2024-06-18 00:32:31 [restartedMain] INFO  c.u.s.SecureWebApplication - Starting SecureWebApplication using Java 22.0.1 with PID 11818 (/Users/kristian/Documents/IT och Informationssäkerhet/secure-web-app 2/target/classes started by kristian in /Users/kristian/Documents/IT och Informationssäkerhet/secure-web-app 2)
2024-06-18 00:32:31 [restartedMain] DEBUG c.u.s.SecureWebApplication - Running with Spring Boot v3.3.0, Spring v6.1.8
2024-06-18 00:32:31 [restartedMain] INFO  c.u.s.SecureWebApplication - No active profile set, falling back to 1 default profile: "default"
2024-06-18 00:33:02 [restartedMain] INFO  c.u.s.SecureWebApplication - Starting SecureWebApplication using Java 22.0.1 with PID 11839 (/Users/kristian/Documents/IT och Informationssäkerhet/secure-web-app 2/target/classes started by kristian in /Users/kristian/Documents/IT och Informationssäkerhet/secure-web-app 2)
2024-06-18 00:33:02 [restartedMain] DEBUG c.u.s.SecureWebApplication - Running with Spring Boot v3.3.0, Spring v6.1.8
2024-06-18 00:33:02 [restartedMain] INFO  c.u.s.SecureWebApplication - No active profile set, falling back to 1 default profile: "default"
2024-06-18 00:35:54 [restartedMain] INFO  c.u.s.SecureWebApplication - Starting SecureWebApplication using Java 22.0.1 with PID 11909 (/Users/kristian/Documents/IT och Informationssäkerhet/secure-web-app 2/target/classes started by kristian in /Users/kristian/Documents/IT och Informationssäkerhet/secure-web-app 2)
2024-06-18 00:35:54 [restartedMain] DEBUG c.u.s.SecureWebApplication - Running with Spring Boot v3.3.0, Spring v6.1.8
2024-06-18 00:35:54 [restartedMain] INFO  c.u.s.SecureWebApplication - No active profile set, falling back to 1 default profile: "default"
2024-06-18 00:35:56 [restartedMain] INFO  c.u.s.SecureWebApplication - Started SecureWebApplication in 2.543 seconds (process running for 3.208)
2024-06-18 00:36:17 [http-nio-8080-exec-8] DEBUG c.u.securewebapplication.UserService - Password before encoding: 123123123
2024-06-18 00:36:17 [http-nio-8080-exec-8] DEBUG c.u.securewebapplication.UserService - Password after encoding: $2a$10$9u0vlYTkHCUUw1BC8raLiuABy5M33QItW6AWtHTLz..Pv4ivf2TG6
2024-06-18 00:36:17 [http-nio-8080-exec-8] INFO  c.u.securewebapplication.UserService - New user registered successfully: krille
2024-06-18 00:42:06 [http-nio-8080-exec-2] DEBUG c.u.securewebapplication.UserService - Password before encoding: 123123123
2024-06-18 00:42:06 [http-nio-8080-exec-2] DEBUG c.u.securewebapplication.UserService - Password after encoding: $2a$10$8D0i2GQHY0p1n0XqOV8K2Oy/jnSfwrtC6ym.pYV3v8qqR7Nr0PA0.
2024-06-18 00:42:06 [http-nio-8080-exec-2] INFO  c.u.securewebapplication.UserService - New user registered successfully: Kristian
2024-06-18 00:42:13 [http-nio-8080-exec-7] DEBUG c.u.securewebapplication.UserService - Försök att ta bort användare med ID: 1
2024-06-18 00:42:13 [http-nio-8080-exec-7] INFO  c.u.securewebapplication.UserService - User deleted: krille
2024-06-18 00:42:43 [http-nio-8080-exec-8] DEBUG c.u.securewebapplication.UserService - Försök att ta bort användare med ID: 2
2024-06-18 00:42:43 [http-nio-8080-exec-8] INFO  c.u.securewebapplication.UserService - User deleted: Kristian
2024-06-18 00:42:53 [http-nio-8080-exec-9] DEBUG c.u.securewebapplication.UserService - Password before encoding: 123123123
2024-06-18 00:42:53 [http-nio-8080-exec-9] DEBUG c.u.securewebapplication.UserService - Password after encoding: $2a$10$l4MF9BdDE.agixJEGiPfN.vA2i1jKF8ZYwvOdQkrRX3DVOf03gCO6
2024-06-18 00:42:53 [http-nio-8080-exec-9] INFO  c.u.securewebapplication.UserService - New user registered successfully: olle
2024-06-18 00:42:59 [http-nio-8080-exec-7] DEBUG c.u.securewebapplication.UserService - Password before encoding: 123123123123123
2024-06-18 00:43:00 [http-nio-8080-exec-7] DEBUG c.u.securewebapplication.UserService - Password after encoding: $2a$10$YWCH4TNCLFS5h4AQWqmgOO0wLPGh2Pu04rSYIx.8bLEXK0p9RmQri
2024-06-18 00:43:00 [http-nio-8080-exec-7] INFO  c.u.securewebapplication.UserService - New user registered successfully: nadin
2024-06-18 00:43:03 [http-nio-8080-exec-2] INFO  c.u.securewebapplication.UserService - Found 1 users with username containing: n
2024-06-18 00:43:11 [http-nio-8080-exec-5] DEBUG c.u.securewebapplication.UserService - Försök att ta bort användare med ID: 4
2024-06-18 00:43:11 [http-nio-8080-exec-5] INFO  c.u.securewebapplication.UserService - User deleted: nadin
2024-06-18 00:43:14 [http-nio-8080-exec-3] DEBUG c.u.securewebapplication.UserService - Försök att ta bort användare med ID: 3
2024-06-18 00:43:14 [http-nio-8080-exec-3] INFO  c.u.securewebapplication.UserService - User deleted: olle
2024-06-18 01:00:12 [restartedMain] INFO  c.u.s.SecureWebApplication - Starting SecureWebApplication using Java 22.0.1 with PID 11909 (/Users/kristian/Documents/IT och Informationssäkerhet/secure-web-app 2/target/classes started by kristian in /Users/kristian/Documents/IT och Informationssäkerhet/secure-web-app 2)
2024-06-18 01:00:12 [restartedMain] DEBUG c.u.s.SecureWebApplication - Running with Spring Boot v3.3.0, Spring v6.1.8
2024-06-18 01:00:12 [restartedMain] INFO  c.u.s.SecureWebApplication - No active profile set, falling back to 1 default profile: "default"
2024-06-18 01:00:13 [main] INFO  com.useo.securewebapplication.Tests - Starting Tests using Java 22.0.1 with PID 12105 (started by kristian in /Users/kristian/Documents/IT och Informationssäkerhet/secure-web-app 2)
2024-06-18 01:00:13 [main] DEBUG com.useo.securewebapplication.Tests - Running with Spring Boot v3.3.0, Spring v6.1.8
2024-06-18 01:00:13 [main] INFO  com.useo.securewebapplication.Tests - No active profile set, falling back to 1 default profile: "default"
2024-06-18 01:00:13 [restartedMain] INFO  c.u.s.SecureWebApplication - Started SecureWebApplication in 0.767 seconds (process running for 1460.369)
2024-06-18 01:00:15 [main] INFO  com.useo.securewebapplication.Tests - Started Tests in 2.326 seconds (process running for 3.106)
2024-06-18 01:00:26 [main] INFO  com.useo.securewebapplication.Tests - Starting Tests using Java 22.0.1 with PID 12116 (started by kristian in /Users/kristian/Documents/IT och Informationssäkerhet/secure-web-app 2)
2024-06-18 01:00:26 [main] DEBUG com.useo.securewebapplication.Tests - Running with Spring Boot v3.3.0, Spring v6.1.8
2024-06-18 01:00:26 [main] INFO  com.useo.securewebapplication.Tests - No active profile set, falling back to 1 default profile: "default"
2024-06-18 01:00:28 [main] INFO  com.useo.securewebapplication.Tests - Started Tests in 1.93 seconds (process running for 2.595)
2024-06-18 01:01:04 [main] INFO  com.useo.securewebapplication.Tests - Starting Tests using Java 22.0.1 with PID 12125 (started by kristian in /Users/kristian/Documents/IT och Informationssäkerhet/secure-web-app 2)
2024-06-18 01:01:04 [main] DEBUG com.useo.securewebapplication.Tests - Running with Spring Boot v3.3.0, Spring v6.1.8
2024-06-18 01:01:04 [main] INFO  com.useo.securewebapplication.Tests - No active profile set, falling back to 1 default profile: "default"
2024-06-18 01:01:06 [main] INFO  com.useo.securewebapplication.Tests - Started Tests in 2.235 seconds (process running for 2.971)
2024-06-18 01:01:14 [main] INFO  com.useo.securewebapplication.Tests - Starting Tests using Java 22.0.1 with PID 12133 (started by kristian in /Users/kristian/Documents/IT och Informationssäkerhet/secure-web-app 2)
2024-06-18 01:01:14 [main] DEBUG com.useo.securewebapplication.Tests - Running with Spring Boot v3.3.0, Spring v6.1.8
2024-06-18 01:01:14 [main] INFO  com.useo.securewebapplication.Tests - No active profile set, falling back to 1 default profile: "default"
2024-06-18 01:01:16 [main] INFO  com.useo.securewebapplication.Tests - Started Tests in 1.86 seconds (process running for 2.413)
2024-06-18 13:34:51 [restartedMain] INFO  c.u.s.SecureWebApplication - Starting SecureWebApplication using Java 22.0.1 with PID 14491 (/Users/kristian/Documents/secure-web-app-kristian/target/classes started by kristian in /Users/kristian/Documents/secure-web-app-kristian)
2024-06-18 13:34:51 [restartedMain] DEBUG c.u.s.SecureWebApplication - Running with Spring Boot v3.3.0, Spring v6.1.8
2024-06-18 13:34:51 [restartedMain] INFO  c.u.s.SecureWebApplication - No active profile set, falling back to 1 default profile: "default"
2024-06-18 13:34:55 [restartedMain] INFO  c.u.s.SecureWebApplication - Started SecureWebApplication in 3.504 seconds (process running for 4.657)
2024-06-18 13:34:59 [restartedMain] INFO  c.u.s.SecureWebApplication - Starting SecureWebApplication using Java 22.0.1 with PID 14491 (/Users/kristian/Documents/secure-web-app-kristian/target/classes started by kristian in /Users/kristian/Documents/secure-web-app-kristian)
2024-06-18 13:34:59 [restartedMain] DEBUG c.u.s.SecureWebApplication - Running with Spring Boot v3.3.0, Spring v6.1.8
2024-06-18 13:34:59 [restartedMain] INFO  c.u.s.SecureWebApplication - No active profile set, falling back to 1 default profile: "default"
2024-06-18 13:35:00 [restartedMain] INFO  c.u.s.SecureWebApplication - Started SecureWebApplication in 0.953 seconds (process running for 10.167)
2024-06-18 13:35:02 [restartedMain] INFO  c.u.s.SecureWebApplication - Starting SecureWebApplication using Java 22.0.1 with PID 14491 (/Users/kristian/Documents/secure-web-app-kristian/target/classes started by kristian in /Users/kristian/Documents/secure-web-app-kristian)
2024-06-18 13:35:02 [restartedMain] DEBUG c.u.s.SecureWebApplication - Running with Spring Boot v3.3.0, Spring v6.1.8
2024-06-18 13:35:02 [restartedMain] INFO  c.u.s.SecureWebApplication - No active profile set, falling back to 1 default profile: "default"
2024-06-18 13:35:02 [restartedMain] INFO  c.u.s.SecureWebApplication - Started SecureWebApplication in 0.597 seconds (process running for 12.235)
2024-06-18 13:35:22 [http-nio-8080-exec-2] DEBUG c.u.securewebapplication.UserService - Skapa nytt konto för användare: peter
2024-06-18 13:35:22 [http-nio-8080-exec-2] DEBUG c.u.securewebapplication.UserService - Skapat information för användare: peter
2024-06-18 13:35:22 [http-nio-8080-exec-2] INFO  c.u.securewebapplication.UserService - New user registered successfully: peter
2024-06-18 13:35:55 [http-nio-8080-exec-8] DEBUG c.u.securewebapplication.UserService - Försök att ta bort användare med ID: 1
2024-06-18 13:35:55 [http-nio-8080-exec-8] INFO  c.u.securewebapplication.UserService - User deleted: peter
2024-06-18 13:36:29 [main] INFO  com.useo.securewebapplication.Tests - Starting Tests using Java 22.0.1 with PID 14557 (started by kristian in /Users/kristian/Documents/secure-web-app-kristian)
2024-06-18 13:36:29 [main] DEBUG com.useo.securewebapplication.Tests - Running with Spring Boot v3.3.0, Spring v6.1.8
2024-06-18 13:36:29 [main] INFO  com.useo.securewebapplication.Tests - No active profile set, falling back to 1 default profile: "default"
2024-06-18 13:36:31 [main] INFO  com.useo.securewebapplication.Tests - Started Tests in 2.631 seconds (process running for 3.333)
2024-06-18 13:36:40 [main] INFO  com.useo.securewebapplication.Tests - Starting Tests using Java 22.0.1 with PID 14566 (started by kristian in /Users/kristian/Documents/secure-web-app-kristian)
2024-06-18 13:36:40 [main] DEBUG com.useo.securewebapplication.Tests - Running with Spring Boot v3.3.0, Spring v6.1.8
2024-06-18 13:36:40 [main] INFO  com.useo.securewebapplication.Tests - No active profile set, falling back to 1 default profile: "default"
2024-06-18 13:36:42 [main] INFO  com.useo.securewebapplication.Tests - Started Tests in 1.864 seconds (process running for 2.552)
2024-06-18 13:36:42 [main] DEBUG c.u.securewebapplication.UserService - Skapa nytt konto för användare: newuser
2024-06-18 13:36:42 [main] DEBUG c.u.securewebapplication.UserService - Skapat information för användare: newuser
2024-06-18 13:36:42 [main] INFO  c.u.securewebapplication.UserService - New user registered successfully: newuser
2024-06-18 13:36:57 [main] INFO  com.useo.securewebapplication.Tests - Starting Tests using Java 22.0.1 with PID 14574 (started by kristian in /Users/kristian/Documents/secure-web-app-kristian)
2024-06-18 13:36:57 [main] DEBUG com.useo.securewebapplication.Tests - Running with Spring Boot v3.3.0, Spring v6.1.8
2024-06-18 13:36:57 [main] INFO  com.useo.securewebapplication.Tests - No active profile set, falling back to 1 default profile: "default"
2024-06-18 13:37:00 [main] INFO  com.useo.securewebapplication.Tests - Started Tests in 2.519 seconds (process running for 3.105)
2024-06-18 13:39:03 [main] INFO  com.useo.securewebapplication.Tests - Starting Tests using Java 22.0.1 with PID 14584 (started by kristian in /Users/kristian/Documents/secure-web-app-kristian)
2024-06-18 13:39:03 [main] DEBUG com.useo.securewebapplication.Tests - Running with Spring Boot v3.3.0, Spring v6.1.8
2024-06-18 13:39:03 [main] INFO  com.useo.securewebapplication.Tests - No active profile set, falling back to 1 default profile: "default"
2024-06-18 13:39:05 [main] INFO  com.useo.securewebapplication.Tests - Started Tests in 1.831 seconds (process running for 2.4)
2024-06-18 13:39:13 [main] INFO  com.useo.securewebapplication.Tests - Starting Tests using Java 22.0.1 with PID 14595 (started by kristian in /Users/kristian/Documents/secure-web-app-kristian)
2024-06-18 13:39:13 [main] DEBUG com.useo.securewebapplication.Tests - Running with Spring Boot v3.3.0, Spring v6.1.8
2024-06-18 13:39:13 [main] INFO  com.useo.securewebapplication.Tests - No active profile set, falling back to 1 default profile: "default"
2024-06-18 13:39:14 [main] INFO  com.useo.securewebapplication.Tests - Started Tests in 1.809 seconds (process running for 2.554)
2024-06-18 13:39:46 [main] INFO  com.useo.securewebapplication.Tests - Starting Tests using Java 22.0.1 with PID 14604 (started by kristian in /Users/kristian/Documents/secure-web-app-kristian)
2024-06-18 13:39:46 [main] DEBUG com.useo.securewebapplication.Tests - Running with Spring Boot v3.3.0, Spring v6.1.8
2024-06-18 13:39:46 [main] INFO  com.useo.securewebapplication.Tests - No active profile set, falling back to 1 default profile: "default"
2024-06-18 13:39:48 [main] INFO  com.useo.securewebapplication.Tests - Started Tests in 2.286 seconds (process running for 2.871)
2024-06-18 13:40:07 [main] INFO  com.useo.securewebapplication.Tests - Starting Tests using Java 22.0.1 with PID 14614 (started by kristian in /Users/kristian/Documents/secure-web-app-kristian)
2024-06-18 13:40:07 [main] DEBUG com.useo.securewebapplication.Tests - Running with Spring Boot v3.3.0, Spring v6.1.8
2024-06-18 13:40:07 [main] INFO  com.useo.securewebapplication.Tests - No active profile set, falling back to 1 default profile: "default"
2024-06-18 13:40:09 [main] INFO  com.useo.securewebapplication.Tests - Started Tests in 1.964 seconds (process running for 2.538)
2024-06-18 13:40:09 [main] DEBUG c.u.securewebapplication.UserService - Skapa nytt konto för användare: newuser
2024-06-18 13:40:09 [main] DEBUG c.u.securewebapplication.UserService - Skapat information för användare: newuser
2024-06-18 13:40:09 [main] INFO  c.u.securewebapplication.UserService - New user registered successfully: newuser
2024-06-18 13:40:14 [main] INFO  com.useo.securewebapplication.Tests - Starting Tests using Java 22.0.1 with PID 14621 (started by kristian in /Users/kristian/Documents/secure-web-app-kristian)
2024-06-18 13:40:14 [main] DEBUG com.useo.securewebapplication.Tests - Running with Spring Boot v3.3.0, Spring v6.1.8
2024-06-18 13:40:14 [main] INFO  com.useo.securewebapplication.Tests - No active profile set, falling back to 1 default profile: "default"
2024-06-18 13:40:16 [main] INFO  com.useo.securewebapplication.Tests - Started Tests in 2.13 seconds (process running for 2.675)
2024-06-18 13:40:35 [http-nio-8080-exec-4] DEBUG c.u.securewebapplication.UserService - Skapa nytt konto för användare: stefano
2024-06-18 13:40:35 [http-nio-8080-exec-4] DEBUG c.u.securewebapplication.UserService - Skapat information för användare: stefano
2024-06-18 13:40:35 [http-nio-8080-exec-4] INFO  c.u.securewebapplication.UserService - New user registered successfully: stefano
2024-06-18 13:40:44 [http-nio-8080-exec-1] DEBUG c.u.securewebapplication.UserService - Skapa nytt konto för användare: parso
2024-06-18 13:40:44 [http-nio-8080-exec-1] DEBUG c.u.securewebapplication.UserService - Skapat information för användare: parso
2024-06-18 13:40:44 [http-nio-8080-exec-1] INFO  c.u.securewebapplication.UserService - New user registered successfully: parso
2024-06-18 13:40:57 [main] INFO  com.useo.securewebapplication.Tests - Starting Tests using Java 22.0.1 with PID 14638 (started by kristian in /Users/kristian/Documents/secure-web-app-kristian)
2024-06-18 13:40:57 [main] DEBUG com.useo.securewebapplication.Tests - Running with Spring Boot v3.3.0, Spring v6.1.8
2024-06-18 13:40:57 [main] INFO  com.useo.securewebapplication.Tests - No active profile set, falling back to 1 default profile: "default"
2024-06-18 13:40:59 [main] INFO  com.useo.securewebapplication.Tests - Started Tests in 1.922 seconds (process running for 2.699)
2024-06-18 13:44:09 [main] INFO  com.useo.securewebapplication.Tests - Starting Tests using Java 22.0.1 with PID 14669 (started by kristian in /Users/kristian/Documents/secure-web-app-kristian)
2024-06-18 13:44:09 [main] DEBUG com.useo.securewebapplication.Tests - Running with Spring Boot v3.3.0, Spring v6.1.8
2024-06-18 13:44:09 [main] INFO  com.useo.securewebapplication.Tests - No active profile set, falling back to 1 default profile: "default"
2024-06-18 13:44:11 [main] INFO  com.useo.securewebapplication.Tests - Started Tests in 1.999 seconds (process running for 2.641)
2024-06-18 13:44:12 [main] DEBUG c.u.securewebapplication.UserService - Försök att ta bort användare med ID: 1
2024-06-18 13:44:12 [main] WARN  c.u.securewebapplication.UserService - User not found with ID: 1
2024-06-18 13:45:18 [main] INFO  com.useo.securewebapplication.Tests - Starting Tests using Java 22.0.1 with PID 14706 (started by kristian in /Users/kristian/Documents/secure-web-app-kristian)
2024-06-18 13:45:18 [main] DEBUG com.useo.securewebapplication.Tests - Running with Spring Boot v3.3.0, Spring v6.1.8
2024-06-18 13:45:18 [main] INFO  com.useo.securewebapplication.Tests - No active profile set, falling back to 1 default profile: "default"
2024-06-18 13:45:20 [main] INFO  com.useo.securewebapplication.Tests - Started Tests in 1.964 seconds (process running for 2.678)
2024-06-18 13:45:21 [main] DEBUG c.u.securewebapplication.UserService - Försök att ta bort användare med ID: 1
2024-06-18 13:45:21 [main] WARN  c.u.securewebapplication.UserService - User not found with ID: 1
2024-06-18 13:45:49 [main] INFO  com.useo.securewebapplication.Tests - Starting Tests using Java 22.0.1 with PID 14726 (started by kristian in /Users/kristian/Documents/secure-web-app-kristian)
2024-06-18 13:45:49 [main] DEBUG com.useo.securewebapplication.Tests - Running with Spring Boot v3.3.0, Spring v6.1.8
2024-06-18 13:45:49 [main] INFO  com.useo.securewebapplication.Tests - No active profile set, falling back to 1 default profile: "default"
2024-06-18 13:45:51 [main] INFO  com.useo.securewebapplication.Tests - Started Tests in 1.953 seconds (process running for 2.559)
2024-06-18 13:50:06 [main] INFO  com.useo.securewebapplication.Tests - Starting Tests using Java 22.0.1 with PID 14778 (started by kristian in /Users/kristian/Documents/secure-web-app-kristian)
2024-06-18 13:50:06 [main] DEBUG com.useo.securewebapplication.Tests - Running with Spring Boot v3.3.0, Spring v6.1.8
2024-06-18 13:50:06 [main] INFO  com.useo.securewebapplication.Tests - No active profile set, falling back to 1 default profile: "default"
2024-06-18 13:50:08 [main] INFO  com.useo.securewebapplication.Tests - Started Tests in 2.264 seconds (process running for 2.859)
2024-06-18 14:33:33 [restartedMain] INFO  c.u.s.SecureWebApplication - Starting SecureWebApplication using Java 22.0.1 with PID 15380 (/Users/kristian/Documents/secure-web-app-kristian/target/classes started by kristian in /Users/kristian/Documents/secure-web-app-kristian)
2024-06-18 14:33:33 [restartedMain] DEBUG c.u.s.SecureWebApplication - Running with Spring Boot v3.3.0, Spring v6.1.8
2024-06-18 14:33:33 [restartedMain] INFO  c.u.s.SecureWebApplication - No active profile set, falling back to 1 default profile: "default"
2024-06-18 14:36:23 [restartedMain] INFO  c.u.s.SecureWebApplication - Starting SecureWebApplication using Java 22.0.1 with PID 15431 (/Users/kristian/Documents/secure-web-app-kristian/target/classes started by kristian in /Users/kristian/Documents/secure-web-app-kristian)
2024-06-18 14:36:23 [restartedMain] DEBUG c.u.s.SecureWebApplication - Running with Spring Boot v3.3.0, Spring v6.1.8
2024-06-18 14:36:23 [restartedMain] INFO  c.u.s.SecureWebApplication - No active profile set, falling back to 1 default profile: "default"
2024-06-18 14:36:25 [restartedMain] INFO  c.u.s.SecureWebApplication - Started SecureWebApplication in 2.066 seconds (process running for 2.559)
2024-06-18 14:37:33 [restartedMain] INFO  c.u.s.SecureWebApplication - Starting SecureWebApplication using Java 22.0.1 with PID 15458 (/Users/kristian/Documents/secure-web-app-kristian/target/classes started by kristian in /Users/kristian/Documents/secure-web-app-kristian)
2024-06-18 14:37:33 [restartedMain] DEBUG c.u.s.SecureWebApplication - Running with Spring Boot v3.3.0, Spring v6.1.8
2024-06-18 14:37:33 [restartedMain] INFO  c.u.s.SecureWebApplication - No active profile set, falling back to 1 default profile: "default"
2024-06-18 14:37:35 [restartedMain] INFO  c.u.s.SecureWebApplication - Started SecureWebApplication in 2.312 seconds (process running for 2.796)
2024-06-18 14:42:06 [restartedMain] INFO  c.u.s.SecureWebApplication - Starting SecureWebApplication using Java 22.0.1 with PID 15514 (/Users/kristian/Documents/secure-web-app-kristian/target/classes started by kristian in /Users/kristian/Documents/secure-web-app-kristian)
2024-06-18 14:42:06 [restartedMain] DEBUG c.u.s.SecureWebApplication - Running with Spring Boot v3.3.0, Spring v6.1.8
2024-06-18 14:42:06 [restartedMain] INFO  c.u.s.SecureWebApplication - No active profile set, falling back to 1 default profile: "default"
2024-06-18 14:42:08 [restartedMain] INFO  c.u.s.SecureWebApplication - Started SecureWebApplication in 2.198 seconds (process running for 2.698)
2024-06-18 14:42:28 [restartedMain] INFO  c.u.s.SecureWebApplication - Starting SecureWebApplication using Java 22.0.1 with PID 15545 (/Users/kristian/Documents/secure-web-app-kristian/target/classes started by kristian in /Users/kristian/Documents/secure-web-app-kristian)
2024-06-18 14:42:28 [restartedMain] DEBUG c.u.s.SecureWebApplication - Running with Spring Boot v3.3.0, Spring v6.1.8
2024-06-18 14:42:28 [restartedMain] INFO  c.u.s.SecureWebApplication - No active profile set, falling back to 1 default profile: "default"
2024-06-18 14:42:30 [restartedMain] INFO  c.u.s.SecureWebApplication - Started SecureWebApplication in 2.507 seconds (process running for 3.359)
2024-06-18 14:45:11 [restartedMain] INFO  c.u.s.SecureWebApplication - Starting SecureWebApplication using Java 22.0.1 with PID 15585 (/Users/kristian/Documents/secure-web-app-kristian/target/classes started by kristian in /Users/kristian/Documents/secure-web-app-kristian)
2024-06-18 14:45:11 [restartedMain] DEBUG c.u.s.SecureWebApplication - Running with Spring Boot v3.3.0, Spring v6.1.8
2024-06-18 14:45:11 [restartedMain] INFO  c.u.s.SecureWebApplication - No active profile set, falling back to 1 default profile: "default"
2024-06-18 14:45:13 [restartedMain] INFO  c.u.s.SecureWebApplication - Started SecureWebApplication in 2.469 seconds (process running for 3.379)
2024-06-18 14:46:45 [restartedMain] INFO  c.u.s.SecureWebApplication - Starting SecureWebApplication using Java 22.0.1 with PID 15628 (/Users/kristian/Documents/secure-web-app-kristian/target/classes started by kristian in /Users/kristian/Documents/secure-web-app-kristian)
2024-06-18 14:46:45 [restartedMain] DEBUG c.u.s.SecureWebApplication - Running with Spring Boot v3.3.0, Spring v6.1.8
2024-06-18 14:46:45 [restartedMain] INFO  c.u.s.SecureWebApplication - No active profile set, falling back to 1 default profile: "default"
2024-06-18 14:46:47 [restartedMain] INFO  c.u.s.SecureWebApplication - Started SecureWebApplication in 2.156 seconds (process running for 2.729)
2024-06-18 14:48:18 [http-nio-8080-exec-9] DEBUG c.u.securewebapplication.UserService - Creating a new account for user: 123123123
2024-06-18 14:48:18 [http-nio-8080-exec-9] DEBUG c.u.securewebapplication.UserService - Created user details for: 123123123
2024-06-18 14:48:18 [http-nio-8080-exec-9] INFO  c.u.securewebapplication.UserService - New user registered successfully: 123123123
2024-06-18 14:48:25 [http-nio-8080-exec-8] DEBUG c.u.securewebapplication.UserService - Attempting to delete user with ID: 1
2024-06-18 14:48:25 [http-nio-8080-exec-8] INFO  c.u.securewebapplication.UserService - User deleted: 123123123
2024-06-18 14:48:59 [restartedMain] INFO  c.u.s.SecureWebApplication - Starting SecureWebApplication using Java 22.0.1 with PID 15690 (/Users/kristian/Documents/secure-web-app-kristian/target/classes started by kristian in /Users/kristian/Documents/secure-web-app-kristian)
2024-06-18 14:48:59 [restartedMain] DEBUG c.u.s.SecureWebApplication - Running with Spring Boot v3.3.0, Spring v6.1.8
2024-06-18 14:48:59 [restartedMain] INFO  c.u.s.SecureWebApplication - No active profile set, falling back to 1 default profile: "default"
2024-06-18 14:49:01 [restartedMain] INFO  c.u.s.SecureWebApplication - Started SecureWebApplication in 2.054 seconds (process running for 2.542)
2024-06-18 14:51:24 [restartedMain] INFO  c.u.s.SecureWebApplication - Starting SecureWebApplication using Java 22.0.1 with PID 15754 (/Users/kristian/Documents/secure-web-app-kristian/target/classes started by kristian in /Users/kristian/Documents/secure-web-app-kristian)
2024-06-18 14:51:24 [restartedMain] DEBUG c.u.s.SecureWebApplication - Running with Spring Boot v3.3.0, Spring v6.1.8
2024-06-18 14:51:24 [restartedMain] INFO  c.u.s.SecureWebApplication - No active profile set, falling back to 1 default profile: "default"
2024-06-18 14:51:26 [restartedMain] INFO  c.u.s.SecureWebApplication - Started SecureWebApplication in 2.05 seconds (process running for 2.801)
2024-06-18 14:51:59 [http-nio-8080-exec-5] DEBUG c.u.securewebapplication.UserService - Creating a new account for user: krille
2024-06-18 14:51:59 [http-nio-8080-exec-5] DEBUG c.u.securewebapplication.UserService - Created user details for: krille
2024-06-18 14:51:59 [http-nio-8080-exec-5] INFO  c.u.securewebapplication.UserService - New user registered successfully: krille
2024-06-18 14:53:23 [restartedMain] INFO  c.u.s.SecureWebApplication - Starting SecureWebApplication using Java 22.0.1 with PID 15902 (/Users/kristian/Documents/secure-web-app-kristian/target/classes started by kristian in /Users/kristian/Documents/secure-web-app-kristian)
2024-06-18 14:53:23 [restartedMain] DEBUG c.u.s.SecureWebApplication - Running with Spring Boot v3.3.0, Spring v6.1.8
2024-06-18 14:53:23 [restartedMain] INFO  c.u.s.SecureWebApplication - No active profile set, falling back to 1 default profile: "default"
2024-06-18 14:53:26 [restartedMain] INFO  c.u.s.SecureWebApplication - Started SecureWebApplication in 2.374 seconds (process running for 3.144)
2024-06-18 14:55:35 [restartedMain] INFO  c.u.s.SecureWebApplication - Starting SecureWebApplication using Java 22.0.1 with PID 15950 (/Users/kristian/Documents/secure-web-app-kristian/target/classes started by kristian in /Users/kristian/Documents/secure-web-app-kristian)
2024-06-18 14:55:35 [restartedMain] DEBUG c.u.s.SecureWebApplication - Running with Spring Boot v3.3.0, Spring v6.1.8
2024-06-18 14:55:35 [restartedMain] INFO  c.u.s.SecureWebApplication - No active profile set, falling back to 1 default profile: "default"
2024-06-18 14:55:38 [restartedMain] INFO  c.u.s.SecureWebApplication - Started SecureWebApplication in 2.438 seconds (process running for 3.097)
2024-06-18 14:57:39 [restartedMain] INFO  c.u.s.SecureWebApplication - Starting SecureWebApplication using Java 22.0.1 with PID 15977 (/Users/kristian/Documents/secure-web-app-kristian/target/classes started by kristian in /Users/kristian/Documents/secure-web-app-kristian)
2024-06-18 14:57:39 [restartedMain] DEBUG c.u.s.SecureWebApplication - Running with Spring Boot v3.3.0, Spring v6.1.8
2024-06-18 14:57:39 [restartedMain] INFO  c.u.s.SecureWebApplication - No active profile set, falling back to 1 default profile: "default"
2024-06-18 14:57:41 [restartedMain] INFO  c.u.s.SecureWebApplication - Started SecureWebApplication in 2.113 seconds (process running for 3.044)
2024-06-18 14:58:03 [http-nio-8080-exec-1] DEBUG c.u.securewebapplication.UserService - Creating a new account for user: Kristian
2024-06-18 14:58:03 [http-nio-8080-exec-1] DEBUG c.u.securewebapplication.UserService - Created user details for: Kristian
2024-06-18 14:58:03 [http-nio-8080-exec-1] INFO  c.u.securewebapplication.UserService - New user registered successfully: Kristian
2024-06-18 14:58:08 [http-nio-8080-exec-8] INFO  c.u.securewebapplication.UserService - Found 1 users with username containing: k
2024-06-18 14:58:21 [http-nio-8080-exec-8] DEBUG c.u.securewebapplication.UserService - Creating a new account for user: Håkan
2024-06-18 14:58:21 [http-nio-8080-exec-8] DEBUG c.u.securewebapplication.UserService - Created user details for: Håkan
2024-06-18 14:58:21 [http-nio-8080-exec-8] INFO  c.u.securewebapplication.UserService - New user registered successfully: Håkan
2024-06-18 14:58:23 [http-nio-8080-exec-4] INFO  c.u.securewebapplication.UserService - Found 1 users with username containing: h
2024-06-18 14:58:28 [http-nio-8080-exec-7] INFO  c.u.securewebapplication.UserService - Found 2 users with username containing: k
2024-06-18 14:58:32 [http-nio-8080-exec-1] INFO  c.u.securewebapplication.UserService - Found 2 users with username containing: k
2024-06-18 14:58:34 [http-nio-8080-exec-6] INFO  c.u.securewebapplication.UserService - Found 1 users with username containing: kr
2024-06-18 14:58:37 [http-nio-8080-exec-7] INFO  c.u.securewebapplication.UserService - Found 2 users with username containing: 
2024-06-18 14:58:39 [http-nio-8080-exec-1] DEBUG c.u.securewebapplication.UserService - Attempting to delete user with ID: 1
2024-06-18 14:58:39 [http-nio-8080-exec-1] INFO  c.u.securewebapplication.UserService - User deleted: Kristian
2024-06-18 15:00:01 [restartedMain] INFO  c.u.s.SecureWebApplication - Starting SecureWebApplication using Java 22.0.1 with PID 16017 (/Users/kristian/Documents/secure-web-app-kristian/target/classes started by kristian in /Users/kristian/Documents/secure-web-app-kristian)
2024-06-18 15:00:01 [restartedMain] DEBUG c.u.s.SecureWebApplication - Running with Spring Boot v3.3.0, Spring v6.1.8
2024-06-18 15:00:01 [restartedMain] INFO  c.u.s.SecureWebApplication - No active profile set, falling back to 1 default profile: "default"
2024-06-18 15:00:03 [restartedMain] INFO  c.u.s.SecureWebApplication - Started SecureWebApplication in 2.132 seconds (process running for 2.895)
2024-06-18 15:01:57 [restartedMain] INFO  c.u.s.SecureWebApplication - Starting SecureWebApplication using Java 22.0.1 with PID 16064 (/Users/kristian/Documents/secure-web-app-kristian/target/classes started by kristian in /Users/kristian/Documents/secure-web-app-kristian)
2024-06-18 15:01:57 [restartedMain] DEBUG c.u.s.SecureWebApplication - Running with Spring Boot v3.3.0, Spring v6.1.8
2024-06-18 15:01:57 [restartedMain] INFO  c.u.s.SecureWebApplication - No active profile set, falling back to 1 default profile: "default"
2024-06-18 15:01:59 [restartedMain] INFO  c.u.s.SecureWebApplication - Started SecureWebApplication in 2.037 seconds (process running for 2.837)
2024-06-18 15:03:23 [restartedMain] INFO  c.u.s.SecureWebApplication - Starting SecureWebApplication using Java 22.0.1 with PID 16091 (/Users/kristian/Documents/secure-web-app-kristian/target/classes started by kristian in /Users/kristian/Documents/secure-web-app-kristian)
2024-06-18 15:03:23 [restartedMain] DEBUG c.u.s.SecureWebApplication - Running with Spring Boot v3.3.0, Spring v6.1.8
2024-06-18 15:03:23 [restartedMain] INFO  c.u.s.SecureWebApplication - No active profile set, falling back to 1 default profile: "default"
2024-06-18 15:03:26 [restartedMain] INFO  c.u.s.SecureWebApplication - Started SecureWebApplication in 2.562 seconds (process running for 3.016)
2024-06-18 15:04:24 [restartedMain] INFO  c.u.s.SecureWebApplication - Starting SecureWebApplication using Java 22.0.1 with PID 16102 (/Users/kristian/Documents/secure-web-app-kristian/target/classes started by kristian in /Users/kristian/Documents/secure-web-app-kristian)
2024-06-18 15:04:24 [restartedMain] DEBUG c.u.s.SecureWebApplication - Running with Spring Boot v3.3.0, Spring v6.1.8
2024-06-18 15:04:24 [restartedMain] INFO  c.u.s.SecureWebApplication - No active profile set, falling back to 1 default profile: "default"
2024-06-18 15:04:25 [restartedMain] INFO  c.u.s.SecureWebApplication - Started SecureWebApplication in 2.17 seconds (process running for 2.761)
2024-06-18 15:09:54 [restartedMain] INFO  c.u.s.SecureWebApplication - Starting SecureWebApplication using Java 22.0.1 with PID 16143 (/Users/kristian/Documents/secure-web-app-kristian/target/classes started by kristian in /Users/kristian/Documents/secure-web-app-kristian)
2024-06-18 15:09:54 [restartedMain] DEBUG c.u.s.SecureWebApplication - Running with Spring Boot v3.3.0, Spring v6.1.8
2024-06-18 15:09:54 [restartedMain] INFO  c.u.s.SecureWebApplication - No active profile set, falling back to 1 default profile: "default"
2024-06-18 15:09:56 [restartedMain] INFO  c.u.s.SecureWebApplication - Started SecureWebApplication in 2.201 seconds (process running for 2.678)
2024-06-18 19:21:05 [restartedMain] INFO  c.u.s.SecureWebApplication - Starting SecureWebApplication using Java 22.0.1 with PID 16558 (/Users/kristian/Documents/secure-web-app-kristian/target/classes started by kristian in /Users/kristian/Documents/secure-web-app-kristian)
2024-06-18 19:21:05 [restartedMain] DEBUG c.u.s.SecureWebApplication - Running with Spring Boot v3.3.0, Spring v6.1.8
2024-06-18 19:21:05 [restartedMain] INFO  c.u.s.SecureWebApplication - No active profile set, falling back to 1 default profile: "default"
2024-06-18 19:21:07 [restartedMain] INFO  c.u.s.SecureWebApplication - Started SecureWebApplication in 2.208 seconds (process running for 2.896)
2024-06-18 19:23:17 [http-nio-8080-exec-8] DEBUG c.u.securewebapplication.UserService - Creating a new account for user: Nadin
2024-06-18 19:23:18 [http-nio-8080-exec-8] DEBUG c.u.securewebapplication.UserService - Created user details for: Nadin
2024-06-18 19:23:18 [http-nio-8080-exec-8] INFO  c.u.securewebapplication.UserService - New user registered successfully: Nadin
2024-06-18 19:23:29 [http-nio-8080-exec-1] DEBUG c.u.securewebapplication.UserService - Attempting to delete user with ID: 1
2024-06-18 19:23:29 [http-nio-8080-exec-1] INFO  c.u.securewebapplication.UserService - User deleted: Nadin
2024-06-18 19:27:32 [restartedMain] INFO  c.u.s.SecureWebApplication - Starting SecureWebApplication using Java 22.0.1 with PID 16685 (/Users/kristian/Documents/secure-web-app-kristian/target/classes started by kristian in /Users/kristian/Documents/secure-web-app-kristian)
2024-06-18 19:27:32 [restartedMain] DEBUG c.u.s.SecureWebApplication - Running with Spring Boot v3.3.0, Spring v6.1.8
2024-06-18 19:27:32 [restartedMain] INFO  c.u.s.SecureWebApplication - No active profile set, falling back to 1 default profile: "default"
2024-06-18 19:27:34 [restartedMain] INFO  c.u.s.SecureWebApplication - Started SecureWebApplication in 2.179 seconds (process running for 2.761)
2024-06-18 19:36:02 [restartedMain] INFO  c.u.s.SecureWebApplication - Starting SecureWebApplication using Java 22.0.1 with PID 16823 (/Users/kristian/Documents/secure-web-app-kristian/target/classes started by kristian in /Users/kristian/Documents/secure-web-app-kristian)
2024-06-18 19:36:02 [restartedMain] DEBUG c.u.s.SecureWebApplication - Running with Spring Boot v3.3.0, Spring v6.1.8
2024-06-18 19:36:02 [restartedMain] INFO  c.u.s.SecureWebApplication - No active profile set, falling back to 1 default profile: "default"
2024-06-18 19:36:04 [restartedMain] INFO  c.u.s.SecureWebApplication - Started SecureWebApplication in 2.204 seconds (process running for 3.096)
2024-06-18 19:36:37 [restartedMain] INFO  c.u.s.SecureWebApplication - Starting SecureWebApplication using Java 22.0.1 with PID 16832 (/Users/kristian/Documents/secure-web-app-kristian/target/classes started by kristian in /Users/kristian/Documents/secure-web-app-kristian)
2024-06-18 19:36:37 [restartedMain] DEBUG c.u.s.SecureWebApplication - Running with Spring Boot v3.3.0, Spring v6.1.8
2024-06-18 19:36:37 [restartedMain] INFO  c.u.s.SecureWebApplication - No active profile set, falling back to 1 default profile: "default"
2024-06-18 19:36:39 [restartedMain] INFO  c.u.s.SecureWebApplication - Started SecureWebApplication in 2.294 seconds (process running for 3.049)
2024-06-18 19:38:19 [http-nio-8080-exec-5] DEBUG c.u.securewebapplication.UserService - Creating a new account for user: krille
2024-06-18 19:38:19 [http-nio-8080-exec-5] DEBUG c.u.securewebapplication.UserService - Created user details for: krille
2024-06-18 19:38:19 [http-nio-8080-exec-5] INFO  c.u.securewebapplication.UserService - New user registered successfully: krille
2024-06-18 19:38:28 [http-nio-8080-exec-10] DEBUG c.u.securewebapplication.UserService - Attempting to delete user with ID: 1
2024-06-18 19:38:28 [http-nio-8080-exec-10] INFO  c.u.securewebapplication.UserService - User deleted: krille
2024-06-18 19:42:20 [restartedMain] INFO  c.u.s.SecureWebApplication - Starting SecureWebApplication using Java 22.0.1 with PID 16886 (/Users/kristian/Documents/secure-web-app-kristian/target/classes started by kristian in /Users/kristian/Documents/secure-web-app-kristian)
2024-06-18 19:42:20 [restartedMain] DEBUG c.u.s.SecureWebApplication - Running with Spring Boot v3.3.0, Spring v6.1.8
2024-06-18 19:42:20 [restartedMain] INFO  c.u.s.SecureWebApplication - No active profile set, falling back to 1 default profile: "default"
2024-06-18 19:42:23 [restartedMain] INFO  c.u.s.SecureWebApplication - Started SecureWebApplication in 2.833 seconds (process running for 3.795)
2024-06-18 19:54:56 [restartedMain] INFO  c.u.s.SecureWebApplication - Starting SecureWebApplication using Java 22.0.1 with PID 23753 (/Users/kristian/Documents/secure-web-app-kristian/target/classes started by kristian in /Users/kristian/Documents/secure-web-app-kristian)
2024-06-18 19:54:56 [restartedMain] DEBUG c.u.s.SecureWebApplication - Running with Spring Boot v3.3.0, Spring v6.1.8
2024-06-18 19:54:56 [restartedMain] INFO  c.u.s.SecureWebApplication - No active profile set, falling back to 1 default profile: "default"
2024-06-18 19:54:59 [restartedMain] INFO  c.u.s.SecureWebApplication - Started SecureWebApplication in 2.706 seconds (process running for 3.875)
2024-06-18 19:57:27 [restartedMain] INFO  c.u.s.SecureWebApplication - Starting SecureWebApplication using Java 22.0.1 with PID 23786 (/Users/kristian/Documents/secure-web-app-kristian/target/classes started by kristian in /Users/kristian/Documents/secure-web-app-kristian)
2024-06-18 19:57:27 [restartedMain] DEBUG c.u.s.SecureWebApplication - Running with Spring Boot v3.3.0, Spring v6.1.8
2024-06-18 19:57:27 [restartedMain] INFO  c.u.s.SecureWebApplication - No active profile set, falling back to 1 default profile: "default"
2024-06-18 19:57:30 [restartedMain] INFO  c.u.s.SecureWebApplication - Started SecureWebApplication in 2.331 seconds (process running for 2.96)
2024-06-18 20:00:28 [restartedMain] INFO  c.u.s.SecureWebApplication - Starting SecureWebApplication using Java 22.0.1 with PID 23838 (/Users/kristian/Documents/secure-web-app-kristian/target/classes started by kristian in /Users/kristian/Documents/secure-web-app-kristian)
2024-06-18 20:00:28 [restartedMain] DEBUG c.u.s.SecureWebApplication - Running with Spring Boot v3.3.0, Spring v6.1.8
2024-06-18 20:00:28 [restartedMain] INFO  c.u.s.SecureWebApplication - No active profile set, falling back to 1 default profile: "default"
2024-06-18 20:00:30 [restartedMain] INFO  c.u.s.SecureWebApplication - Started SecureWebApplication in 3.018 seconds (process running for 3.65)
2024-06-18 20:00:50 [http-nio-8080-exec-6] DEBUG c.u.securewebapplication.UserService - Creating a new account for user: kristian
2024-06-18 20:00:50 [http-nio-8080-exec-6] DEBUG c.u.securewebapplication.UserService - Created user details for: kristian
2024-06-18 20:00:50 [http-nio-8080-exec-6] INFO  c.u.securewebapplication.UserService - New user registered successfully: kristian
2024-06-18 20:00:54 [http-nio-8080-exec-3] DEBUG c.u.securewebapplication.UserService - Attempting to delete user with ID: 1
2024-06-18 20:00:54 [http-nio-8080-exec-3] INFO  c.u.securewebapplication.UserService - User deleted: kristian
2024-06-18 20:01:54 [restartedMain] INFO  c.u.s.SecureWebApplication - Starting SecureWebApplication using Java 22.0.1 with PID 23886 (/Users/kristian/Documents/secure-web-app-kristian/target/classes started by kristian in /Users/kristian/Documents/secure-web-app-kristian)
2024-06-18 20:01:54 [restartedMain] DEBUG c.u.s.SecureWebApplication - Running with Spring Boot v3.3.0, Spring v6.1.8
2024-06-18 20:01:54 [restartedMain] INFO  c.u.s.SecureWebApplication - No active profile set, falling back to 1 default profile: "default"
2024-06-18 20:01:57 [restartedMain] INFO  c.u.s.SecureWebApplication - Started SecureWebApplication in 2.419 seconds (process running for 3.09)
2024-06-18 20:05:07 [restartedMain] INFO  c.u.s.SecureWebApplication - Starting SecureWebApplication using Java 22.0.1 with PID 23933 (/Users/kristian/Documents/secure-web-app-kristian/target/classes started by kristian in /Users/kristian/Documents/secure-web-app-kristian)
2024-06-18 20:05:07 [restartedMain] DEBUG c.u.s.SecureWebApplication - Running with Spring Boot v3.3.0, Spring v6.1.8
2024-06-18 20:05:07 [restartedMain] INFO  c.u.s.SecureWebApplication - No active profile set, falling back to 1 default profile: "default"
2024-06-18 20:05:09 [restartedMain] INFO  c.u.s.SecureWebApplication - Started SecureWebApplication in 2.094 seconds (process running for 2.659)
2024-06-18 20:05:56 [restartedMain] INFO  c.u.s.SecureWebApplication - Starting SecureWebApplication using Java 22.0.1 with PID 23947 (/Users/kristian/Documents/secure-web-app-kristian/target/classes started by kristian in /Users/kristian/Documents/secure-web-app-kristian)
2024-06-18 20:05:56 [restartedMain] DEBUG c.u.s.SecureWebApplication - Running with Spring Boot v3.3.0, Spring v6.1.8
2024-06-18 20:05:56 [restartedMain] INFO  c.u.s.SecureWebApplication - No active profile set, falling back to 1 default profile: "default"
2024-06-18 20:05:58 [restartedMain] INFO  c.u.s.SecureWebApplication - Started SecureWebApplication in 2.164 seconds (process running for 2.563)
2024-06-18 20:06:39 [restartedMain] INFO  c.u.s.SecureWebApplication - Starting SecureWebApplication using Java 22.0.1 with PID 23959 (/Users/kristian/Documents/secure-web-app-kristian/target/classes started by kristian in /Users/kristian/Documents/secure-web-app-kristian)
2024-06-18 20:06:39 [restartedMain] DEBUG c.u.s.SecureWebApplication - Running with Spring Boot v3.3.0, Spring v6.1.8
2024-06-18 20:06:39 [restartedMain] INFO  c.u.s.SecureWebApplication - No active profile set, falling back to 1 default profile: "default"
2024-06-18 20:06:41 [restartedMain] INFO  c.u.s.SecureWebApplication - Started SecureWebApplication in 1.925 seconds (process running for 2.421)
2024-06-18 20:08:59 [restartedMain] INFO  c.u.s.SecureWebApplication - Starting SecureWebApplication using Java 22.0.1 with PID 24656 (/Users/kristian/Documents/secure-web-app-kristian/target/classes started by kristian in /Users/kristian/Documents/secure-web-app-kristian)
2024-06-18 20:08:59 [restartedMain] DEBUG c.u.s.SecureWebApplication - Running with Spring Boot v3.3.0, Spring v6.1.8
2024-06-18 20:08:59 [restartedMain] INFO  c.u.s.SecureWebApplication - No active profile set, falling back to 1 default profile: "default"
2024-06-18 20:09:01 [restartedMain] INFO  c.u.s.SecureWebApplication - Started SecureWebApplication in 2.279 seconds (process running for 2.873)
2024-06-18 20:09:25 [restartedMain] INFO  c.u.s.SecureWebApplication - Starting SecureWebApplication using Java 22.0.1 with PID 24666 (/Users/kristian/Documents/secure-web-app-kristian/target/classes started by kristian in /Users/kristian/Documents/secure-web-app-kristian)
2024-06-18 20:09:25 [restartedMain] DEBUG c.u.s.SecureWebApplication - Running with Spring Boot v3.3.0, Spring v6.1.8
2024-06-18 20:09:25 [restartedMain] INFO  c.u.s.SecureWebApplication - No active profile set, falling back to 1 default profile: "default"
2024-06-18 20:09:27 [restartedMain] INFO  c.u.s.SecureWebApplication - Started SecureWebApplication in 2.275 seconds (process running for 3.031)
2024-06-18 20:12:02 [restartedMain] INFO  c.u.s.SecureWebApplication - Starting SecureWebApplication using Java 22.0.1 with PID 24713 (/Users/kristian/Documents/secure-web-app-kristian/target/classes started by kristian in /Users/kristian/Documents/secure-web-app-kristian)
2024-06-18 20:12:02 [restartedMain] DEBUG c.u.s.SecureWebApplication - Running with Spring Boot v3.3.0, Spring v6.1.8
2024-06-18 20:12:02 [restartedMain] INFO  c.u.s.SecureWebApplication - No active profile set, falling back to 1 default profile: "default"
2024-06-18 20:12:05 [restartedMain] INFO  c.u.s.SecureWebApplication - Started SecureWebApplication in 2.287 seconds (process running for 3.195)
2024-06-18 20:13:41 [restartedMain] INFO  c.u.s.SecureWebApplication - Starting SecureWebApplication using Java 22.0.1 with PID 24724 (/Users/kristian/Documents/secure-web-app-kristian/target/classes started by kristian in /Users/kristian/Documents/secure-web-app-kristian)
2024-06-18 20:13:41 [restartedMain] DEBUG c.u.s.SecureWebApplication - Running with Spring Boot v3.3.0, Spring v6.1.8
2024-06-18 20:13:41 [restartedMain] INFO  c.u.s.SecureWebApplication - No active profile set, falling back to 1 default profile: "default"
2024-06-18 20:13:43 [restartedMain] INFO  c.u.s.SecureWebApplication - Started SecureWebApplication in 2.058 seconds (process running for 2.562)
2024-06-18 20:28:05 [restartedMain] INFO  c.u.s.SecureWebApplication - Starting SecureWebApplication using Java 22.0.1 with PID 24906 (/Users/kristian/Documents/secure-web-app-kristian/target/classes started by kristian in /Users/kristian/Documents/secure-web-app-kristian)
2024-06-18 20:28:05 [restartedMain] DEBUG c.u.s.SecureWebApplication - Running with Spring Boot v3.3.0, Spring v6.1.8
2024-06-18 20:28:05 [restartedMain] INFO  c.u.s.SecureWebApplication - No active profile set, falling back to 1 default profile: "default"
2024-06-18 20:28:07 [restartedMain] INFO  c.u.s.SecureWebApplication - Started SecureWebApplication in 2.078 seconds (process running for 2.609)
2024-06-18 20:40:15 [restartedMain] INFO  c.u.s.SecureWebApplication - Starting SecureWebApplication using Java 22.0.1 with PID 25021 (/Users/kristian/Documents/secure-web-app-kristian/target/classes started by kristian in /Users/kristian/Documents/secure-web-app-kristian)
2024-06-18 20:40:15 [restartedMain] DEBUG c.u.s.SecureWebApplication - Running with Spring Boot v3.3.0, Spring v6.1.8
2024-06-18 20:40:15 [restartedMain] INFO  c.u.s.SecureWebApplication - No active profile set, falling back to 1 default profile: "default"
2024-06-18 20:40:18 [restartedMain] INFO  c.u.s.SecureWebApplication - Started SecureWebApplication in 2.491 seconds (process running for 3.334)
2024-06-18 20:41:44 [http-nio-8080-exec-1] DEBUG c.u.securewebapplication.UserService - Creating a new account for user: krille
2024-06-18 20:41:44 [http-nio-8080-exec-1] DEBUG c.u.securewebapplication.UserService - Created user details for: krille
2024-06-18 20:41:44 [http-nio-8080-exec-1] INFO  c.u.securewebapplication.UserService - New user registered successfully: krille
2024-06-18 20:41:55 [http-nio-8080-exec-8] DEBUG c.u.securewebapplication.UserService - Attempting to delete user with ID: 1
2024-06-18 20:41:56 [http-nio-8080-exec-8] INFO  c.u.securewebapplication.UserService - User deleted: krille
2024-06-18 20:44:20 [restartedMain] INFO  c.u.s.SecureWebApplication - Starting SecureWebApplication using Java 22.0.1 with PID 25048 (/Users/kristian/Documents/secure-web-app-kristian/target/classes started by kristian in /Users/kristian/Documents/secure-web-app-kristian)
2024-06-18 20:44:20 [restartedMain] DEBUG c.u.s.SecureWebApplication - Running with Spring Boot v3.3.0, Spring v6.1.8
2024-06-18 20:44:20 [restartedMain] INFO  c.u.s.SecureWebApplication - No active profile set, falling back to 1 default profile: "default"
2024-06-18 20:44:22 [restartedMain] INFO  c.u.s.SecureWebApplication - Started SecureWebApplication in 2.011 seconds (process running for 2.77)
2024-06-18 20:44:36 [restartedMain] INFO  c.u.s.SecureWebApplication - Starting SecureWebApplication using Java 22.0.1 with PID 25064 (/Users/kristian/Documents/secure-web-app-kristian/target/classes started by kristian in /Users/kristian/Documents/secure-web-app-kristian)
2024-06-18 20:44:36 [restartedMain] DEBUG c.u.s.SecureWebApplication - Running with Spring Boot v3.3.0, Spring v6.1.8
2024-06-18 20:44:36 [restartedMain] INFO  c.u.s.SecureWebApplication - No active profile set, falling back to 1 default profile: "default"
2024-06-18 20:44:38 [restartedMain] INFO  c.u.s.SecureWebApplication - Started SecureWebApplication in 2.121 seconds (process running for 2.838)
2024-06-18 20:48:47 [http-nio-8080-exec-1] DEBUG c.u.securewebapplication.UserService - Creating a new account for user: krille
2024-06-18 20:48:47 [http-nio-8080-exec-1] DEBUG c.u.securewebapplication.UserService - Created user details for: krille
2024-06-18 20:48:47 [http-nio-8080-exec-1] INFO  c.u.securewebapplication.UserService - New user registered successfully: krille
2024-06-18 20:49:01 [http-nio-8080-exec-7] DEBUG c.u.securewebapplication.UserService - Attempting to delete user with ID: 1
2024-06-18 20:49:01 [http-nio-8080-exec-7] INFO  c.u.securewebapplication.UserService - User deleted: krille
2024-06-18 20:50:00 [restartedMain] INFO  c.u.s.SecureWebApplication - Starting SecureWebApplication using Java 22.0.1 with PID 25135 (/Users/kristian/Documents/secure-web-app-kristian/target/classes started by kristian in /Users/kristian/Documents/secure-web-app-kristian)
2024-06-18 20:50:00 [restartedMain] DEBUG c.u.s.SecureWebApplication - Running with Spring Boot v3.3.0, Spring v6.1.8
2024-06-18 20:50:00 [restartedMain] INFO  c.u.s.SecureWebApplication - No active profile set, falling back to 1 default profile: "default"
2024-06-18 20:50:02 [restartedMain] INFO  c.u.s.SecureWebApplication - Started SecureWebApplication in 2.112 seconds (process running for 2.936)
2024-06-18 20:50:26 [restartedMain] INFO  c.u.s.SecureWebApplication - Starting SecureWebApplication using Java 22.0.1 with PID 25155 (/Users/kristian/Documents/secure-web-app-kristian/target/classes started by kristian in /Users/kristian/Documents/secure-web-app-kristian)
2024-06-18 20:50:26 [restartedMain] DEBUG c.u.s.SecureWebApplication - Running with Spring Boot v3.3.0, Spring v6.1.8
2024-06-18 20:50:26 [restartedMain] INFO  c.u.s.SecureWebApplication - No active profile set, falling back to 1 default profile: "default"
2024-06-18 20:50:28 [restartedMain] INFO  c.u.s.SecureWebApplication - Started SecureWebApplication in 2.271 seconds (process running for 2.938)
2024-06-18 20:51:27 [restartedMain] INFO  c.u.s.SecureWebApplication - Starting SecureWebApplication using Java 22.0.1 with PID 25174 (/Users/kristian/Documents/secure-web-app-kristian/target/classes started by kristian in /Users/kristian/Documents/secure-web-app-kristian)
2024-06-18 20:51:27 [restartedMain] DEBUG c.u.s.SecureWebApplication - Running with Spring Boot v3.3.0, Spring v6.1.8
2024-06-18 20:51:27 [restartedMain] INFO  c.u.s.SecureWebApplication - No active profile set, falling back to 1 default profile: "default"
2024-06-18 20:51:30 [restartedMain] INFO  c.u.s.SecureWebApplication - Started SecureWebApplication in 2.904 seconds (process running for 3.708)
2024-06-18 20:51:49 [http-nio-8080-exec-4] DEBUG c.u.securewebapplication.UserService - Creating a new account for user: krille
2024-06-18 20:51:49 [http-nio-8080-exec-4] DEBUG c.u.securewebapplication.UserService - Created user details for: krille
2024-06-18 20:51:49 [http-nio-8080-exec-4] INFO  c.u.securewebapplication.UserService - New user registered successfully: krille
2024-06-18 20:54:08 [restartedMain] INFO  c.u.s.SecureWebApplication - Starting SecureWebApplication using Java 22.0.1 with PID 25201 (/Users/kristian/Documents/secure-web-app-kristian/target/classes started by kristian in /Users/kristian/Documents/secure-web-app-kristian)
2024-06-18 20:54:08 [restartedMain] DEBUG c.u.s.SecureWebApplication - Running with Spring Boot v3.3.0, Spring v6.1.8
2024-06-18 20:54:08 [restartedMain] INFO  c.u.s.SecureWebApplication - No active profile set, falling back to 1 default profile: "default"
2024-06-18 20:54:11 [restartedMain] INFO  c.u.s.SecureWebApplication - Started SecureWebApplication in 3.038 seconds (process running for 3.77)
2024-06-18 20:54:26 [http-nio-8080-exec-1] DEBUG c.u.securewebapplication.UserService - Creating a new account for user: ad3213
2024-06-18 20:54:26 [http-nio-8080-exec-1] DEBUG c.u.securewebapplication.UserService - Created user details for: ad3213
2024-06-18 20:54:26 [http-nio-8080-exec-1] INFO  c.u.securewebapplication.UserService - New user registered successfully: ad3213
2024-06-18 20:54:43 [restartedMain] INFO  c.u.s.SecureWebApplication - Starting SecureWebApplication using Java 22.0.1 with PID 25245 (/Users/kristian/Documents/secure-web-app-kristian/target/classes started by kristian in /Users/kristian/Documents/secure-web-app-kristian)
2024-06-18 20:54:43 [restartedMain] DEBUG c.u.s.SecureWebApplication - Running with Spring Boot v3.3.0, Spring v6.1.8
2024-06-18 20:54:43 [restartedMain] INFO  c.u.s.SecureWebApplication - No active profile set, falling back to 1 default profile: "default"
2024-06-18 20:54:45 [restartedMain] INFO  c.u.s.SecureWebApplication - Started SecureWebApplication in 2.04 seconds (process running for 2.559)
2024-06-18 20:55:55 [restartedMain] INFO  c.u.s.SecureWebApplication - Starting SecureWebApplication using Java 22.0.1 with PID 25276 (/Users/kristian/Documents/secure-web-app-kristian/target/classes started by kristian in /Users/kristian/Documents/secure-web-app-kristian)
2024-06-18 20:55:55 [restartedMain] DEBUG c.u.s.SecureWebApplication - Running with Spring Boot v3.3.0, Spring v6.1.8
2024-06-18 20:55:55 [restartedMain] INFO  c.u.s.SecureWebApplication - No active profile set, falling back to 1 default profile: "default"
2024-06-18 20:55:57 [restartedMain] INFO  c.u.s.SecureWebApplication - Started SecureWebApplication in 2.289 seconds (process running for 2.88)
2024-06-18 20:56:21 [restartedMain] INFO  c.u.s.SecureWebApplication - Starting SecureWebApplication using Java 22.0.1 with PID 25284 (/Users/kristian/Documents/secure-web-app-kristian/target/classes started by kristian in /Users/kristian/Documents/secure-web-app-kristian)
2024-06-18 20:56:21 [restartedMain] DEBUG c.u.s.SecureWebApplication - Running with Spring Boot v3.3.0, Spring v6.1.8
2024-06-18 20:56:21 [restartedMain] INFO  c.u.s.SecureWebApplication - No active profile set, falling back to 1 default profile: "default"
2024-06-18 20:56:23 [restartedMain] INFO  c.u.s.SecureWebApplication - Started SecureWebApplication in 2.151 seconds (process running for 2.834)
2024-06-18 20:58:10 [restartedMain] INFO  c.u.s.SecureWebApplication - Starting SecureWebApplication using Java 22.0.1 with PID 25303 (/Users/kristian/Documents/secure-web-app-kristian/target/classes started by kristian in /Users/kristian/Documents/secure-web-app-kristian)
2024-06-18 20:58:10 [restartedMain] DEBUG c.u.s.SecureWebApplication - Running with Spring Boot v3.3.0, Spring v6.1.8
2024-06-18 20:58:10 [restartedMain] INFO  c.u.s.SecureWebApplication - No active profile set, falling back to 1 default profile: "default"
2024-06-18 20:58:13 [restartedMain] INFO  c.u.s.SecureWebApplication - Started SecureWebApplication in 2.19 seconds (process running for 2.717)
2024-06-18 22:12:11 [restartedMain] INFO  c.u.s.SecureWebApplication - Starting SecureWebApplication using Java 22.0.1 with PID 25594 (/Users/kristian/Documents/secure-web-app-kristian/target/classes started by kristian in /Users/kristian/Documents/secure-web-app-kristian)
2024-06-18 22:12:11 [restartedMain] DEBUG c.u.s.SecureWebApplication - Running with Spring Boot v3.3.0, Spring v6.1.8
2024-06-18 22:12:11 [restartedMain] INFO  c.u.s.SecureWebApplication - No active profile set, falling back to 1 default profile: "default"
2024-06-18 22:12:14 [restartedMain] INFO  c.u.s.SecureWebApplication - Started SecureWebApplication in 2.791 seconds (process running for 4.011)
2024-06-18 22:14:19 [restartedMain] INFO  c.u.s.SecureWebApplication - Starting SecureWebApplication using Java 22.0.1 with PID 25638 (/Users/kristian/Documents/secure-web-app-kristian/target/classes started by kristian in /Users/kristian/Documents/secure-web-app-kristian)
2024-06-18 22:14:19 [restartedMain] DEBUG c.u.s.SecureWebApplication - Running with Spring Boot v3.3.0, Spring v6.1.8
2024-06-18 22:14:19 [restartedMain] INFO  c.u.s.SecureWebApplication - No active profile set, falling back to 1 default profile: "default"
2024-06-18 22:14:21 [restartedMain] INFO  c.u.s.SecureWebApplication - Started SecureWebApplication in 2.378 seconds (process running for 3.019)
2024-06-18 22:15:18 [restartedMain] INFO  c.u.s.SecureWebApplication - Starting SecureWebApplication using Java 22.0.1 with PID 25650 (/Users/kristian/Documents/secure-web-app-kristian/target/classes started by kristian in /Users/kristian/Documents/secure-web-app-kristian)
2024-06-18 22:15:18 [restartedMain] DEBUG c.u.s.SecureWebApplication - Running with Spring Boot v3.3.0, Spring v6.1.8
2024-06-18 22:15:18 [restartedMain] INFO  c.u.s.SecureWebApplication - No active profile set, falling back to 1 default profile: "default"
2024-06-18 22:15:20 [restartedMain] INFO  c.u.s.SecureWebApplication - Started SecureWebApplication in 2.436 seconds (process running for 2.866)
2024-06-18 22:15:36 [restartedMain] INFO  c.u.s.SecureWebApplication - Starting SecureWebApplication using Java 22.0.1 with PID 25657 (/Users/kristian/Documents/secure-web-app-kristian/target/classes started by kristian in /Users/kristian/Documents/secure-web-app-kristian)
2024-06-18 22:15:36 [restartedMain] DEBUG c.u.s.SecureWebApplication - Running with Spring Boot v3.3.0, Spring v6.1.8
2024-06-18 22:15:36 [restartedMain] INFO  c.u.s.SecureWebApplication - No active profile set, falling back to 1 default profile: "default"
2024-06-18 22:15:39 [restartedMain] INFO  c.u.s.SecureWebApplication - Started SecureWebApplication in 2.298 seconds (process running for 3.022)
2024-06-18 22:21:10 [restartedMain] INFO  c.u.s.SecureWebApplication - Starting SecureWebApplication using Java 22.0.1 with PID 25756 (/Users/kristian/Documents/secure-web-app-kristian/target/classes started by kristian in /Users/kristian/Documents/secure-web-app-kristian)
2024-06-18 22:21:10 [restartedMain] DEBUG c.u.s.SecureWebApplication - Running with Spring Boot v3.3.0, Spring v6.1.8
2024-06-18 22:21:10 [restartedMain] INFO  c.u.s.SecureWebApplication - No active profile set, falling back to 1 default profile: "default"
2024-06-18 22:21:12 [restartedMain] INFO  c.u.s.SecureWebApplication - Started SecureWebApplication in 2.438 seconds (process running for 3.214)
2024-06-18 22:21:50 [restartedMain] INFO  c.u.s.SecureWebApplication - Starting SecureWebApplication using Java 22.0.1 with PID 25776 (/Users/kristian/Documents/secure-web-app-kristian/target/classes started by kristian in /Users/kristian/Documents/secure-web-app-kristian)
2024-06-18 22:21:50 [restartedMain] DEBUG c.u.s.SecureWebApplication - Running with Spring Boot v3.3.0, Spring v6.1.8
2024-06-18 22:21:50 [restartedMain] INFO  c.u.s.SecureWebApplication - No active profile set, falling back to 1 default profile: "default"
2024-06-18 22:21:53 [restartedMain] INFO  c.u.s.SecureWebApplication - Started SecureWebApplication in 2.58 seconds (process running for 3.374)
2024-06-18 22:22:26 [restartedMain] INFO  c.u.s.SecureWebApplication - Starting SecureWebApplication using Java 22.0.1 with PID 25792 (/Users/kristian/Documents/secure-web-app-kristian/target/classes started by kristian in /Users/kristian/Documents/secure-web-app-kristian)
2024-06-18 22:22:26 [restartedMain] DEBUG c.u.s.SecureWebApplication - Running with Spring Boot v3.3.0, Spring v6.1.8
2024-06-18 22:22:26 [restartedMain] INFO  c.u.s.SecureWebApplication - No active profile set, falling back to 1 default profile: "default"
2024-06-18 22:22:29 [restartedMain] INFO  c.u.s.SecureWebApplication - Started SecureWebApplication in 2.629 seconds (process running for 3.303)
2024-06-18 22:23:06 [restartedMain] INFO  c.u.s.SecureWebApplication - Starting SecureWebApplication using Java 22.0.1 with PID 25814 (/Users/kristian/Documents/secure-web-app-kristian/target/classes started by kristian in /Users/kristian/Documents/secure-web-app-kristian)
2024-06-18 22:23:06 [restartedMain] DEBUG c.u.s.SecureWebApplication - Running with Spring Boot v3.3.0, Spring v6.1.8
2024-06-18 22:23:06 [restartedMain] INFO  c.u.s.SecureWebApplication - No active profile set, falling back to 1 default profile: "default"
2024-06-18 22:23:07 [restartedMain] INFO  c.u.s.SecureWebApplication - Started SecureWebApplication in 2.001 seconds (process running for 2.517)
2024-06-18 22:23:22 [restartedMain] INFO  c.u.s.SecureWebApplication - Starting SecureWebApplication using Java 22.0.1 with PID 25824 (/Users/kristian/Documents/secure-web-app-kristian/target/classes started by kristian in /Users/kristian/Documents/secure-web-app-kristian)
2024-06-18 22:23:22 [restartedMain] DEBUG c.u.s.SecureWebApplication - Running with Spring Boot v3.3.0, Spring v6.1.8
2024-06-18 22:23:22 [restartedMain] INFO  c.u.s.SecureWebApplication - No active profile set, falling back to 1 default profile: "default"
2024-06-18 22:23:24 [restartedMain] INFO  c.u.s.SecureWebApplication - Started SecureWebApplication in 2.11 seconds (process running for 2.566)
2024-06-18 22:23:38 [restartedMain] INFO  c.u.s.SecureWebApplication - Starting SecureWebApplication using Java 22.0.1 with PID 25830 (/Users/kristian/Documents/secure-web-app-kristian/target/classes started by kristian in /Users/kristian/Documents/secure-web-app-kristian)
2024-06-18 22:23:38 [restartedMain] DEBUG c.u.s.SecureWebApplication - Running with Spring Boot v3.3.0, Spring v6.1.8
2024-06-18 22:23:38 [restartedMain] INFO  c.u.s.SecureWebApplication - No active profile set, falling back to 1 default profile: "default"
2024-06-18 22:23:40 [restartedMain] INFO  c.u.s.SecureWebApplication - Started SecureWebApplication in 1.867 seconds (process running for 2.428)
2024-06-18 22:25:19 [restartedMain] INFO  c.u.s.SecureWebApplication - Starting SecureWebApplication using Java 22.0.1 with PID 25862 (/Users/kristian/Documents/secure-web-app-kristian/target/classes started by kristian in /Users/kristian/Documents/secure-web-app-kristian)
2024-06-18 22:25:19 [restartedMain] DEBUG c.u.s.SecureWebApplication - Running with Spring Boot v3.3.0, Spring v6.1.8
2024-06-18 22:25:19 [restartedMain] INFO  c.u.s.SecureWebApplication - No active profile set, falling back to 1 default profile: "default"
2024-06-18 22:25:21 [restartedMain] INFO  c.u.s.SecureWebApplication - Started SecureWebApplication in 1.992 seconds (process running for 2.523)
2024-06-18 22:26:01 [restartedMain] INFO  c.u.s.SecureWebApplication - Starting SecureWebApplication using Java 22.0.1 with PID 25881 (/Users/kristian/Documents/secure-web-app-kristian/target/classes started by kristian in /Users/kristian/Documents/secure-web-app-kristian)
2024-06-18 22:26:01 [restartedMain] DEBUG c.u.s.SecureWebApplication - Running with Spring Boot v3.3.0, Spring v6.1.8
2024-06-18 22:26:01 [restartedMain] INFO  c.u.s.SecureWebApplication - No active profile set, falling back to 1 default profile: "default"
2024-06-18 22:26:04 [restartedMain] INFO  c.u.s.SecureWebApplication - Started SecureWebApplication in 2.558 seconds (process running for 3.562)
2024-06-18 22:29:08 [restartedMain] INFO  c.u.s.SecureWebApplication - Starting SecureWebApplication using Java 22.0.1 with PID 25920 (/Users/kristian/Documents/secure-web-app-kristian/target/classes started by kristian in /Users/kristian/Documents/secure-web-app-kristian)
2024-06-18 22:29:08 [restartedMain] DEBUG c.u.s.SecureWebApplication - Running with Spring Boot v3.3.0, Spring v6.1.8
2024-06-18 22:29:08 [restartedMain] INFO  c.u.s.SecureWebApplication - No active profile set, falling back to 1 default profile: "default"
2024-06-18 22:29:11 [restartedMain] INFO  c.u.s.SecureWebApplication - Started SecureWebApplication in 2.255 seconds (process running for 2.995)
2024-06-18 22:30:42 [restartedMain] INFO  c.u.s.SecureWebApplication - Starting SecureWebApplication using Java 22.0.1 with PID 25947 (/Users/kristian/Documents/secure-web-app-kristian/target/classes started by kristian in /Users/kristian/Documents/secure-web-app-kristian)
2024-06-18 22:30:42 [restartedMain] DEBUG c.u.s.SecureWebApplication - Running with Spring Boot v3.3.0, Spring v6.1.8
2024-06-18 22:30:42 [restartedMain] INFO  c.u.s.SecureWebApplication - No active profile set, falling back to 1 default profile: "default"
2024-06-18 22:30:44 [restartedMain] INFO  c.u.s.SecureWebApplication - Started SecureWebApplication in 2.406 seconds (process running for 3.058)
2024-06-18 22:31:23 [restartedMain] INFO  c.u.s.SecureWebApplication - Starting SecureWebApplication using Java 22.0.1 with PID 25964 (/Users/kristian/Documents/secure-web-app-kristian/target/classes started by kristian in /Users/kristian/Documents/secure-web-app-kristian)
2024-06-18 22:31:23 [restartedMain] DEBUG c.u.s.SecureWebApplication - Running with Spring Boot v3.3.0, Spring v6.1.8
2024-06-18 22:31:23 [restartedMain] INFO  c.u.s.SecureWebApplication - No active profile set, falling back to 1 default profile: "default"
2024-06-18 22:31:25 [restartedMain] INFO  c.u.s.SecureWebApplication - Started SecureWebApplication in 2.204 seconds (process running for 2.738)
2024-06-18 22:32:28 [restartedMain] INFO  c.u.s.SecureWebApplication - Starting SecureWebApplication using Java 22.0.1 with PID 25981 (/Users/kristian/Documents/secure-web-app-kristian/target/classes started by kristian in /Users/kristian/Documents/secure-web-app-kristian)
2024-06-18 22:32:28 [restartedMain] DEBUG c.u.s.SecureWebApplication - Running with Spring Boot v3.3.0, Spring v6.1.8
2024-06-18 22:32:28 [restartedMain] INFO  c.u.s.SecureWebApplication - No active profile set, falling back to 1 default profile: "default"
2024-06-18 22:32:30 [restartedMain] INFO  c.u.s.SecureWebApplication - Started SecureWebApplication in 1.895 seconds (process running for 2.535)
2024-06-18 22:32:51 [restartedMain] INFO  c.u.s.SecureWebApplication - Starting SecureWebApplication using Java 22.0.1 with PID 25993 (/Users/kristian/Documents/secure-web-app-kristian/target/classes started by kristian in /Users/kristian/Documents/secure-web-app-kristian)
2024-06-18 22:32:51 [restartedMain] DEBUG c.u.s.SecureWebApplication - Running with Spring Boot v3.3.0, Spring v6.1.8
2024-06-18 22:32:51 [restartedMain] INFO  c.u.s.SecureWebApplication - No active profile set, falling back to 1 default profile: "default"
2024-06-18 22:32:53 [restartedMain] INFO  c.u.s.SecureWebApplication - Started SecureWebApplication in 2.194 seconds (process running for 2.656)
2024-06-18 22:36:00 [restartedMain] INFO  c.u.s.SecureWebApplication - Starting SecureWebApplication using Java 22.0.1 with PID 26036 (/Users/kristian/Documents/secure-web-app-kristian/target/classes started by kristian in /Users/kristian/Documents/secure-web-app-kristian)
2024-06-18 22:36:00 [restartedMain] DEBUG c.u.s.SecureWebApplication - Running with Spring Boot v3.3.0, Spring v6.1.8
2024-06-18 22:36:00 [restartedMain] INFO  c.u.s.SecureWebApplication - No active profile set, falling back to 1 default profile: "default"
2024-06-18 22:36:03 [restartedMain] INFO  c.u.s.SecureWebApplication - Started SecureWebApplication in 2.887 seconds (process running for 3.592)
2024-06-18 22:37:26 [restartedMain] INFO  c.u.s.SecureWebApplication - Starting SecureWebApplication using Java 22.0.1 with PID 26056 (/Users/kristian/Documents/secure-web-app-kristian/target/classes started by kristian in /Users/kristian/Documents/secure-web-app-kristian)
2024-06-18 22:37:26 [restartedMain] DEBUG c.u.s.SecureWebApplication - Running with Spring Boot v3.3.0, Spring v6.1.8
2024-06-18 22:37:26 [restartedMain] INFO  c.u.s.SecureWebApplication - No active profile set, falling back to 1 default profile: "default"
2024-06-18 22:37:29 [restartedMain] INFO  c.u.s.SecureWebApplication - Started SecureWebApplication in 2.326 seconds (process running for 3.437)
2024-06-18 22:37:44 [restartedMain] INFO  c.u.s.SecureWebApplication - Starting SecureWebApplication using Java 22.0.1 with PID 26077 (/Users/kristian/Documents/secure-web-app-kristian/target/classes started by kristian in /Users/kristian/Documents/secure-web-app-kristian)
2024-06-18 22:37:44 [restartedMain] DEBUG c.u.s.SecureWebApplication - Running with Spring Boot v3.3.0, Spring v6.1.8
2024-06-18 22:37:44 [restartedMain] INFO  c.u.s.SecureWebApplication - No active profile set, falling back to 1 default profile: "default"
2024-06-18 22:37:46 [restartedMain] INFO  c.u.s.SecureWebApplication - Started SecureWebApplication in 2.148 seconds (process running for 2.712)
2024-06-18 22:37:58 [restartedMain] INFO  c.u.s.SecureWebApplication - Starting SecureWebApplication using Java 22.0.1 with PID 26085 (/Users/kristian/Documents/secure-web-app-kristian/target/classes started by kristian in /Users/kristian/Documents/secure-web-app-kristian)
2024-06-18 22:37:58 [restartedMain] DEBUG c.u.s.SecureWebApplication - Running with Spring Boot v3.3.0, Spring v6.1.8
2024-06-18 22:37:58 [restartedMain] INFO  c.u.s.SecureWebApplication - No active profile set, falling back to 1 default profile: "default"
2024-06-18 22:38:00 [restartedMain] INFO  c.u.s.SecureWebApplication - Started SecureWebApplication in 2.353 seconds (process running for 2.785)
2024-06-18 22:39:41 [restartedMain] INFO  c.u.s.SecureWebApplication - Starting SecureWebApplication using Java 22.0.1 with PID 26103 (/Users/kristian/Documents/secure-web-app-kristian/target/classes started by kristian in /Users/kristian/Documents/secure-web-app-kristian)
2024-06-18 22:39:41 [restartedMain] DEBUG c.u.s.SecureWebApplication - Running with Spring Boot v3.3.0, Spring v6.1.8
2024-06-18 22:39:41 [restartedMain] INFO  c.u.s.SecureWebApplication - No active profile set, falling back to 1 default profile: "default"
2024-06-18 22:39:43 [restartedMain] INFO  c.u.s.SecureWebApplication - Started SecureWebApplication in 2.312 seconds (process running for 2.942)
2024-06-18 22:40:13 [restartedMain] INFO  c.u.s.SecureWebApplication - Starting SecureWebApplication using Java 22.0.1 with PID 26115 (/Users/kristian/Documents/secure-web-app-kristian/target/classes started by kristian in /Users/kristian/Documents/secure-web-app-kristian)
2024-06-18 22:40:13 [restartedMain] DEBUG c.u.s.SecureWebApplication - Running with Spring Boot v3.3.0, Spring v6.1.8
2024-06-18 22:40:13 [restartedMain] INFO  c.u.s.SecureWebApplication - No active profile set, falling back to 1 default profile: "default"
2024-06-18 22:40:15 [restartedMain] INFO  c.u.s.SecureWebApplication - Started SecureWebApplication in 2.412 seconds (process running for 3.05)
2024-06-18 22:40:26 [restartedMain] INFO  c.u.s.SecureWebApplication - Starting SecureWebApplication using Java 22.0.1 with PID 26127 (/Users/kristian/Documents/secure-web-app-kristian/target/classes started by kristian in /Users/kristian/Documents/secure-web-app-kristian)
2024-06-18 22:40:26 [restartedMain] DEBUG c.u.s.SecureWebApplication - Running with Spring Boot v3.3.0, Spring v6.1.8
2024-06-18 22:40:26 [restartedMain] INFO  c.u.s.SecureWebApplication - No active profile set, falling back to 1 default profile: "default"
2024-06-18 22:40:29 [restartedMain] INFO  c.u.s.SecureWebApplication - Started SecureWebApplication in 2.439 seconds (process running for 3.234)
2024-06-18 22:45:32 [restartedMain] INFO  c.u.s.SecureWebApplication - Starting SecureWebApplication using Java 22.0.1 with PID 26159 (/Users/kristian/Documents/secure-web-app-kristian/target/classes started by kristian in /Users/kristian/Documents/secure-web-app-kristian)
2024-06-18 22:45:32 [restartedMain] DEBUG c.u.s.SecureWebApplication - Running with Spring Boot v3.3.0, Spring v6.1.8
2024-06-18 22:45:32 [restartedMain] INFO  c.u.s.SecureWebApplication - No active profile set, falling back to 1 default profile: "default"
2024-06-18 22:45:34 [restartedMain] INFO  c.u.s.SecureWebApplication - Started SecureWebApplication in 2.451 seconds (process running for 3.091)
2024-06-18 22:45:54 [restartedMain] INFO  c.u.s.SecureWebApplication - Starting SecureWebApplication using Java 22.0.1 with PID 26167 (/Users/kristian/Documents/secure-web-app-kristian/target/classes started by kristian in /Users/kristian/Documents/secure-web-app-kristian)
2024-06-18 22:45:54 [restartedMain] DEBUG c.u.s.SecureWebApplication - Running with Spring Boot v3.3.0, Spring v6.1.8
2024-06-18 22:45:54 [restartedMain] INFO  c.u.s.SecureWebApplication - No active profile set, falling back to 1 default profile: "default"
2024-06-18 22:45:56 [restartedMain] INFO  c.u.s.SecureWebApplication - Started SecureWebApplication in 2.515 seconds (process running for 3.047)
2024-06-18 22:46:25 [restartedMain] INFO  c.u.s.SecureWebApplication - Starting SecureWebApplication using Java 22.0.1 with PID 26175 (/Users/kristian/Documents/secure-web-app-kristian/target/classes started by kristian in /Users/kristian/Documents/secure-web-app-kristian)
2024-06-18 22:46:26 [restartedMain] DEBUG c.u.s.SecureWebApplication - Running with Spring Boot v3.3.0, Spring v6.1.8
2024-06-18 22:46:26 [restartedMain] INFO  c.u.s.SecureWebApplication - No active profile set, falling back to 1 default profile: "default"
2024-06-18 22:46:27 [restartedMain] INFO  c.u.s.SecureWebApplication - Started SecureWebApplication in 2.021 seconds (process running for 2.587)
2024-06-18 22:50:32 [http-nio-8080-exec-8] DEBUG c.u.securewebapplication.UserService - Creating a new account for user: Kristian
2024-06-18 22:50:33 [http-nio-8080-exec-8] DEBUG c.u.securewebapplication.UserService - Created user details for: Kristian
2024-06-18 22:50:33 [http-nio-8080-exec-8] INFO  c.u.securewebapplication.UserService - New user registered successfully: Kristian
2024-06-18 22:51:50 [restartedMain] INFO  c.u.s.SecureWebApplication - Starting SecureWebApplication using Java 22.0.1 with PID 26212 (/Users/kristian/Documents/secure-web-app-kristian/target/classes started by kristian in /Users/kristian/Documents/secure-web-app-kristian)
2024-06-18 22:51:50 [restartedMain] DEBUG c.u.s.SecureWebApplication - Running with Spring Boot v3.3.0, Spring v6.1.8
2024-06-18 22:51:50 [restartedMain] INFO  c.u.s.SecureWebApplication - No active profile set, falling back to 1 default profile: "default"
2024-06-18 22:51:52 [restartedMain] INFO  c.u.s.SecureWebApplication - Started SecureWebApplication in 1.976 seconds (process running for 2.508)
2024-06-18 22:52:18 [http-nio-8080-exec-4] DEBUG c.u.securewebapplication.UserService - Creating a new account for user: lmfao
2024-06-18 22:52:18 [http-nio-8080-exec-4] DEBUG c.u.securewebapplication.UserService - Created user details for: lmfao
2024-06-18 22:52:18 [http-nio-8080-exec-4] INFO  c.u.securewebapplication.UserService - New user registered successfully: lmfao
2024-06-18 22:53:00 [http-nio-8080-exec-2] DEBUG c.u.securewebapplication.UserService - Attempting to delete user with ID: 1
2024-06-18 22:53:00 [http-nio-8080-exec-2] INFO  c.u.securewebapplication.UserService - User deleted: lmfao
